#
# A fatal error has been detected by the Java Runtime Environment:
#
#  Internal Error (javaClasses.cpp:124), pid=8448, tid=5012
#  fatal error: Invalid layout of preloaded class
#
# JRE version:  (8.0_05-b13) (build )
# Java VM: Java HotSpot(TM) 64-Bit Server VM (25.5-b02 mixed mode windows-amd64 compressed oops)
# Failed to write core dump. Minidumps are not enabled by default on client versions of Windows
#
# If you would like to submit a bug report, please visit:
#   http://bugreport.sun.com/bugreport/crash.jsp
#

---------------  T H R E A D  ---------------

Current thread (0x000000000233e000):  JavaThread "Unknown thread" [_thread_in_vm, id=5012, stack(0x00000000024c0000,0x00000000025c0000)]

Stack: [0x00000000024c0000,0x00000000025c0000]
Native frames: (J=compiled Java code, j=interpreted, Vv=VM code, C=native code)
V  [jvm.dll+0x308dea]
V  [jvm.dll+0x25def1]
V  [jvm.dll+0x25eb0f]
V  [jvm.dll+0x256466]
V  [jvm.dll+0x5d33c]
V  [jvm.dll+0x5d433]
V  [jvm.dll+0x71d2a]
V  [jvm.dll+0x72088]
V  [jvm.dll+0xe1607]
V  [jvm.dll+0xe1996]
V  [jvm.dll+0x1f13e7]
V  [jvm.dll+0x2227c4]
V  [jvm.dll+0x149f71]
C  [javaw.exe+0x208a]
C  [javaw.exe+0xc9db]
C  [javaw.exe+0xca6f]
C  [kernel32.dll+0x159ed]
C  [ntdll.dll+0x2c541]


---------------  P R O C E S S  ---------------

Java Threads: ( => current thread )

Other Threads:

=>0x000000000233e000 (exited) JavaThread "Unknown thread" [_thread_in_vm, id=5012, stack(0x00000000024c0000,0x00000000025c0000)]

VM state:not at safepoint (not fully initialized)

VM Mutex/Monitor currently owned by a thread: None

GC Heap History (0 events):
No events

Deoptimization events (0 events):
No events

Internal exceptions (0 events):
No events

Events (10 events):
Event: 0.007 loading class java/lang/CharSequence done
Event: 0.007 loading class java/lang/String done
Event: 0.007 loading class java/lang/Class
Event: 0.007 loading class java/lang/reflect/AnnotatedElement
Event: 0.007 loading class java/lang/reflect/AnnotatedElement done
Event: 0.007 loading class java/lang/reflect/GenericDeclaration
Event: 0.007 loading class java/lang/reflect/GenericDeclaration done
Event: 0.007 loading class java/lang/reflect/Type
Event: 0.007 loading class java/lang/reflect/Type done
Event: 0.007 loading class java/lang/Class done


Dynamic libraries:
0x000000013f7b0000 - 0x000000013f7e4000 	C:\Program Files\Java\jre8\bin\javaw.exe
0x0000000077630000 - 0x00000000777d9000 	C:\Windows\SYSTEM32\ntdll.dll
0x0000000077410000 - 0x000000007752f000 	C:\Windows\system32\kernel32.dll
0x000007fefd3a0000 - 0x000007fefd40c000 	C:\Windows\system32\KERNELBASE.dll
0x000007fefde20000 - 0x000007fefdefb000 	C:\Windows\system32\ADVAPI32.dll
0x000007fefda40000 - 0x000007fefdadf000 	C:\Windows\system32\msvcrt.dll
0x000007fefde00000 - 0x000007fefde1f000 	C:\Windows\SYSTEM32\sechost.dll
0x000007fefdbb0000 - 0x000007fefdcdd000 	C:\Windows\system32\RPCRT4.dll
0x0000000077530000 - 0x000000007762a000 	C:\Windows\system32\USER32.dll
0x000007feff630000 - 0x000007feff697000 	C:\Windows\system32\GDI32.dll
0x000007fefe4a0000 - 0x000007fefe4ae000 	C:\Windows\system32\LPK.dll
0x000007fefdd30000 - 0x000007fefddf9000 	C:\Windows\system32\USP10.dll
0x000007fefbe10000 - 0x000007fefc004000 	C:\Windows\WinSxS\amd64_microsoft.windows.common-controls_6595b64144ccf1df_6.0.7601.17514_none_fa396087175ac9ac\COMCTL32.dll
0x000007fefe160000 - 0x000007fefe1d1000 	C:\Windows\system32\SHLWAPI.dll
0x000007fefdb80000 - 0x000007fefdbae000 	C:\Windows\system32\IMM32.DLL
0x000007feff520000 - 0x000007feff629000 	C:\Windows\system32\MSCTF.dll
0x0000000069ce0000 - 0x0000000069db2000 	C:\Program Files\Java\jre8\bin\msvcr100.dll
0x00000000694b0000 - 0x0000000069cda000 	C:\Program Files\Java\jre8\bin\server\jvm.dll
0x000007fef0d90000 - 0x000007fef0d99000 	C:\Windows\system32\WSOCK32.dll
0x000007fefdce0000 - 0x000007fefdd2d000 	C:\Windows\system32\WS2_32.dll
0x000007fefe150000 - 0x000007fefe158000 	C:\Windows\system32\NSI.dll
0x000007fefd360000 - 0x000007fefd39b000 	C:\Windows\system32\WINMM.dll
0x0000000077800000 - 0x0000000077807000 	C:\Windows\system32\PSAPI.DLL
0x000000006b0a0000 - 0x000000006b0af000 	C:\Program Files\Java\jre8\bin\verify.dll
0x000000006b020000 - 0x000000006b048000 	C:\Program Files\Java\jre8\bin\java.dll
0x000000006b000000 - 0x000000006b016000 	C:\Program Files\Java\jre8\bin\zip.dll
0x000007feed910000 - 0x000007feeda35000 	C:\Windows\system32\dbghelp.dll

VM Arguments:
jvm_args: -Dfile.encoding=UTF-8 -Xbootclasspath:E:\tool\adt-bundle-windows-x86_64\sdk\platforms\android-19\android.jar 
java_command: com.aviacomm.hwmp2p.util.WifiDirectConnectionUitl
java_class_path (initial): C:\Users\liuhao\git\hwmp2pclient2\bin\classes;C:\Users\liuhao\git\hwmp2pclient2\libs\android-support-v4.jar;C:\Users\liuhao\git\hwmp2pclient2\libs\BioHarnessBT.jar
Launcher Type: SUN_STANDARD

Environment Variables:
PATH=C:\Program Files (x86)\Common Files\NetSarang;C:\Program Files (x86)\Intel\iCLS Client\;C:\Program Files\Intel\iCLS Client\;C:\Program Files (x86)\NVIDIA Corporation\PhysX\Common;C:\Windows\system32;C:\Windows;C:\Windows\System32\Wbem;C:\Windows\System32\WindowsPowerShell\v1.0\;C:\Program Files\Intel\Intel(R) Management Engine Components\DAL;C:\Program Files\Intel\Intel(R) Management Engine Components\IPT;C:\Program Files (x86)\Intel\Intel(R) Management Engine Components\DAL;C:\Program Files (x86)\Intel\Intel(R) Management Engine Components\IPT;C:\Program Files (x86)\Windows Kits\8.1\Windows Performance Toolkit\;C:\Program Files\Microsoft SQL Server\110\Tools\Binn\;C:\Program Files (x86)\Microsoft SDKs\TypeScript\1.0\;C:\Program Files\TortoiseSVN\bin;
USERNAME=liuhao
OS=Windows_NT
PROCESSOR_IDENTIFIER=Intel64 Family 6 Model 62 Stepping 4, GenuineIntel



---------------  S Y S T E M  ---------------

OS: Windows 7 , 64 bit Build 7601 Service Pack 1

CPU:total 8 (4 cores per cpu, 2 threads per core) family 6 model 62 stepping 4, cmov, cx8, fxsr, mmx, sse, sse2, sse3, ssse3, sse4.1, sse4.2, popcnt, avx, aes, clmul, erms, ht, tsc, tscinvbit

Memory: 4k page, physical 8302080k(2739100k free), swap 16602296k(8971796k free)

vm_info: Java HotSpot(TM) 64-Bit Server VM (25.5-b02) for windows-amd64 JRE (1.8.0_05-b13), built on Mar 18 2014 01:08:39 by "java_re" with MS VC++ 10.0 (VS2010)

time: Sun Aug 10 17:16:27 2014
elapsed time: 0 seconds

